<?xml version="1.0" encoding="UTF-8"?>
<testng-results ignored="0" total="1" passed="1" failed="0" skipped="0">
  <reporter-output>
  </reporter-output>
  <suite started-at="2021-05-11T00:53:14 ICT" name="Default suite" finished-at="2021-05-11T00:53:29 ICT" duration-ms="15566">
    <groups>
    </groups>
    <test started-at="2021-05-11T00:53:14 ICT" name="Default test" finished-at="2021-05-11T00:53:29 ICT" duration-ms="15566">
      <class name="test.loginTest">
        <test-method is-config="true" signature="beforeMethod()[pri:0, instance:test.loginTest@147ed70f]" started-at="2021-05-11T00:53:14 ICT" name="beforeMethod" finished-at="2021-05-11T00:53:27 ICT" duration-ms="13714" status="PASS">
          <reporter-output>
          </reporter-output>
        </test-method> <!-- beforeMethod -->
        <test-method signature="login()[pri:0, instance:test.loginTest@147ed70f]" started-at="2021-05-11T00:53:27 ICT" name="login" finished-at="2021-05-11T00:53:28 ICT" duration-ms="982" status="PASS">
          <reporter-output>
          </reporter-output>
        </test-method> <!-- login -->
        <test-method is-config="true" signature="afterMethod()[pri:0, instance:test.loginTest@147ed70f]" started-at="2021-05-11T00:53:28 ICT" name="afterMethod" finished-at="2021-05-11T00:53:29 ICT" duration-ms="807" status="PASS">
          <reporter-output>
          </reporter-output>
        </test-method> <!-- afterMethod -->
      </class> <!-- test.loginTest -->
    </test> <!-- Default test -->
  </suite> <!-- Default suite -->
</testng-results>
