<?xml version="1.0" encoding="UTF-8"?>
<testng-results ignored="0" total="1" passed="1" failed="0" skipped="0">
  <reporter-output>
  </reporter-output>
  <suite started-at="2021-01-20T21:53:15 ICT" name="Default suite" finished-at="2021-01-20T21:53:37 ICT" duration-ms="22054">
    <groups>
    </groups>
    <test started-at="2021-01-20T21:53:15 ICT" name="Default test" finished-at="2021-01-20T21:53:37 ICT" duration-ms="22054">
      <class name="test.LoginTest">
        <test-method is-config="true" signature="beforeMethod()[pri:0, instance:test.LoginTest@5dd6264]" started-at="2021-01-20T21:53:15 ICT" name="beforeMethod" finished-at="2021-01-20T21:53:24 ICT" duration-ms="9531" status="PASS">
          <reporter-output>
          </reporter-output>
        </test-method> <!-- beforeMethod -->
        <test-method signature="TC001()[pri:0, instance:test.LoginTest@5dd6264]" started-at="2021-01-20T21:53:24 ICT" name="TC001" finished-at="2021-01-20T21:53:36 ICT" duration-ms="11884" status="PASS">
          <reporter-output>
          </reporter-output>
        </test-method> <!-- TC001 -->
        <test-method is-config="true" signature="afterMethod()[pri:0, instance:test.LoginTest@5dd6264]" started-at="2021-01-20T21:53:36 ICT" name="afterMethod" finished-at="2021-01-20T21:53:37 ICT" duration-ms="606" status="PASS">
          <reporter-output>
          </reporter-output>
        </test-method> <!-- afterMethod -->
      </class> <!-- test.LoginTest -->
    </test> <!-- Default test -->
  </suite> <!-- Default suite -->
</testng-results>
